<?xml version="1.0" encoding="UTF-8"?>
<testsuite xmlns:xsi="http://www.w3.org/2001/XMLSchema-instance" xsi:noNamespaceSchemaLocation="https://maven.apache.org/surefire/maven-surefire-plugin/xsd/surefire-test-report.xsd" name="com.github.mytestuser.MySuiteTest" time="150.844" tests="5" errors="0" skipped="0" failures="0">
  <properties>
[...]
</properties>
  <testcase name="createCouponTest" classname="com.github.mytestuser.CreateCoupon" time="32.979"/>
  <testcase name="findCouponTest" classname="com.github.mytestuser.CreateCoupon" time="28.696"/>
  <testcase name="searchCouponTest" classname="com.github.mytestuser.SearchandDeleteCoupon" time="27.987"/>
  <testcase name="deleteCouponTest" classname="com.github.mytestuser.SearchandDeleteCoupon" time="42.225"/>
  <testcase name="logoutTest" classname="com.github.mytestuser.Logout" time="18.022"/>
</testsuite>